
> san-lorenzo-wwsys@1.0.0 prestart
> node scripts/free-dev-ports.js

[ports] Port 3000 is already free
[ports] Port 3001 is already free

> san-lorenzo-wwsys@1.0.0 start
> concurrently "npm run start --prefix backend" "npm run start --prefix web-app" --names "BACKEND,FRONTEND" --prefix-colors "red,blue" --kill-others-on-fail

[FRONTEND] 
[FRONTEND] > web-app@0.1.0 start
[FRONTEND] > set NODE_NO_WARNINGS=1 && set GENERATE_SOURCEMAP=false && set DISABLE_ESLINT_PLUGIN=true && set DISABLE_TYPECHECK_PLUGIN=true && react-scripts start
[FRONTEND] 
[BACKEND] 
[BACKEND] > slr-water-billing-backend@1.0.0 start
[BACKEND] > set NODE_NO_WARNINGS=1 && node server.js
[BACKEND] 
[BACKEND] Connecting to PostgreSQL host: localhost
[BACKEND] Connecting to Supabase schema: water_billing
[BACKEND] Attempting connection to localhost:5432...
[BACKEND] (node:23924) DeprecationWarning: Calling client.query() when the client is already executing a query is deprecated and will be removed in pg@9.0. Use async/await or an external async flow control mechanism instead.
[BACKEND] (Use `node --trace-deprecation ...` to show where the warning was created)
[FRONTEND] (node:11224) [DEP0176] DeprecationWarning: fs.F_OK is deprecated, use fs.constants.F_OK instead
[FRONTEND] (Use `node --trace-deprecation ...` to show where the warning was created)
[FRONTEND] (node:11224) [DEP_WEBPACK_DEV_SERVER_ON_AFTER_SETUP_MIDDLEWARE] DeprecationWarning: 'onAfterSetupMiddleware' option is deprecated. Please use the 'setupMiddlewares' option.
[FRONTEND] (node:11224) [DEP_WEBPACK_DEV_SERVER_ON_BEFORE_SETUP_MIDDLEWARE] DeprecationWarning: 'onBeforeSetupMiddleware' option is deprecated. Please use the 'setupMiddlewares' option.
[FRONTEND] Starting the development server...
[FRONTEND] 
[FRONTEND] Compiled successfully!
[FRONTEND] 
[FRONTEND] You can now view web-app in the browser.
[FRONTEND] 
[FRONTEND]   Local:            http://localhost:3000
[FRONTEND]   On Your Network:  http://192.168.56.1:3000
[FRONTEND] 
[FRONTEND] Note that the development build is not optimized.
[FRONTEND] To create a production build, use npm run build.
[FRONTEND] 
[FRONTEND] webpack compiled [1m[32msuccessfully[39m[22m
[FRONTEND] No issues found.
[BACKEND] Initial Supabase to PostgreSQL sync complete: [
[BACKEND]   { tableName: 'roles', synced: 5 },
[BACKEND]   { tableName: 'zone', synced: 5 },
[BACKEND]   { tableName: 'classification', synced: 3 },
[BACKEND]   { tableName: 'accounts', synced: 7 },
[BACKEND]   { tableName: 'consumer', synced: 2 },
[BACKEND]   { tableName: 'meter', synced: 1 },
[BACKEND]   { tableName: 'route', synced: 2 },
[BACKEND]   { tableName: 'meterreadings', synced: 1 },
[BACKEND]   { tableName: 'bills', synced: 1 },
[BACKEND]   { tableName: 'payment', synced: 1 },
[BACKEND]   { tableName: 'ledger_entry', synced: 0 },
[BACKEND]   { tableName: 'connection_ticket', synced: 0 },
[BACKEND]   { tableName: 'password_reset', synced: 0 },
[BACKEND]   { tableName: 'account_approval', synced: 0 },
[BACKEND]   { tableName: 'error_logs', synced: 1000 },
[BACKEND]   { tableName: 'system_logs', synced: 1000 },
[BACKEND]   { tableName: 'backuplogs', synced: 0 },
[BACKEND]   { tableName: 'waterrates', synced: 1 }
[BACKEND] ]
[BACKEND] Initial PostgreSQL to Supabase sync complete: [
[BACKEND]   { tableName: 'roles', synced: 5 },
[BACKEND]   { tableName: 'zone', synced: 5 },
[BACKEND]   { tableName: 'classification', synced: 3 },
[BACKEND]   { tableName: 'accounts', synced: 7 },
[BACKEND]   { tableName: 'consumer', synced: 2 },
[BACKEND]   { tableName: 'meter', synced: 1 },
[BACKEND]   { tableName: 'route', synced: 2 },
[BACKEND]   { tableName: 'meterreadings', synced: 1 },
[BACKEND]   { tableName: 'bills', synced: 1 },
[BACKEND]   { tableName: 'payment', synced: 1 },
[BACKEND]   { tableName: 'ledger_entry', synced: 0 },
[BACKEND]   { tableName: 'connection_ticket', synced: 0 },
[BACKEND]   { tableName: 'password_reset', synced: 0 },
[BACKEND]   { tableName: 'account_approval', synced: 0 },
[BACKEND]   { tableName: 'error_logs', synced: 4518 },
[BACKEND]   { tableName: 'system_logs', synced: 16327 },
[BACKEND]   { tableName: 'backuplogs', synced: 0 },
[BACKEND]   { tableName: 'waterrates', synced: 1 }
[BACKEND] ]
[BACKEND] Server running on http://localhost:3001
[BACKEND] Database mode: PostgreSQL + Supabase sync (Supabase schema: water_billing)
[FRONTEND] npm run start --prefix web-app exited with code 1
--> Sending SIGTERM to other processes..
[BACKEND] npm run start --prefix backend exited with code 1
